<?xml version="1.0" encoding="UTF-8"?>
<!-- Generated by org.testng.reporters.JUnitXMLReporter -->
<testsuite hostname="LAPTOP-BQPF0GOU" ignored="0" name="parameter" tests="1" failures="0" timestamp="2021-10-31T12:32:14 EDT" time="0.101" errors="0">
  <testcase name="@BeforeMethod loginInfo" time="0.056" classname="paramizationExample.ParameterExample">
    <failure type="java.lang.IllegalStateException" message="The path to the driver executable must be set by the webdriver.chrome.driver system property; for more information, see https://github.com/SeleniumHQ/selenium/wiki/ChromeDriver. The latest version can be downloaded from http://chromedriver.storage.googleapis.com/index.html">
      <![CDATA[java.lang.IllegalStateException: The path to the driver executable must be set by the webdriver.chrome.driver system property; for more information, see https://github.com/SeleniumHQ/selenium/wiki/ChromeDriver. The latest version can be downloaded from http://chromedriver.storage.googleapis.com/index.html
at com.google.common.base.Preconditions.checkState(Preconditions.java:847)
at org.openqa.selenium.remote.service.DriverService.findExecutable(DriverService.java:134)
at org.openqa.selenium.chrome.ChromeDriverService.access$000(ChromeDriverService.java:35)
at org.openqa.selenium.chrome.ChromeDriverService$Builder.findDefaultExecutable(ChromeDriverService.java:159)
at org.openqa.selenium.remote.service.DriverService$Builder.build(DriverService.java:355)
at org.openqa.selenium.chrome.ChromeDriverService.createDefaultService(ChromeDriverService.java:94)
at org.openqa.selenium.chrome.ChromeDriver.<init>(ChromeDriver.java:123)
at paramizationExample.ParameterExample.loginInfo(ParameterExample.java:21)
at java.util.ArrayList.forEach(ArrayList.java:1257)
... Removed 31 stack frames]]>
    </failure>
  </testcase> <!-- @BeforeMethod loginInfo -->
  <testcase name="@AfterMethod closeBrowser" time="-1.635697934015E9" classname="paramizationExample.ParameterExample">
    <skipped/>
  </testcase> <!-- @AfterMethod closeBrowser -->
  <testcase name="lead" time="0.0" classname="paramizationExample.CreateLead">
    <skipped/>
  </testcase> <!-- lead -->
</testsuite> <!-- parameter -->
